22:25:13 **** Build of configuration Debug for project divided ****
make all 
Building file: ../src/divided.cpp
Invoking: GCC C++ Compiler
g++ -O0 -g3 -Wall -c -fmessage-length=0 -MMD -MP -MF"src/divided.d" -MT"src/divided.o" -o "src/divided.o" "../src/divided.cpp"
Finished building: ../src/divided.cpp
 
Building target: divided
Invoking: MacOS X C++ Linker
g++  -o "divided"  ./src/divided.o   
Finished building target: divided
 
22:27:15 **** Incremental Build of configuration Debug for project divided ****
make all 
make: Nothing to be done for `all'.
22:27:17 **** Incremental Build of configuration Debug for project divided ****
make all 
make: Nothing to be done for `all'.
22:28:07 **** Incremental Build of configuration Debug for project divided ****
make all 
make: Nothing to be done for `all'.
22:28:09 **** Incremental Build of configuration Debug for project divided ****
make all 
make: Nothing to be done for `all'.
22:28:48 **** Incremental Build of configuration Debug for project divided ****
make all 
make: Nothing to be done for `all'.
22:28:51 **** Incremental Build of configuration Debug for project divided ****
make all 
make: Nothing to be done for `all'.
22:30:48 **** Incremental Build of configuration Debug for project divided ****
make all 
Building file: ../src/divided.cpp
Invoking: GCC C++ Compiler
g++ -std=c++1y -O0 -g3 -Wall -c -fmessage-length=0 -MMD -MP -MF"src/divided.d" -MT"src/divided.o" -o "src/divided.o" "../src/divided.cpp"
Finished building: ../src/divided.cpp
 
Building target: divided
Invoking: MacOS X C++ Linker
g++  -o "divided"  ./src/divided.o   
Finished building target: divided
 
22:30:50 **** Incremental Build of configuration Debug for project divided ****
make all 
make: Nothing to be done for `all'.
22:34:54 **** Incremental Build of configuration Debug for project divided ****
make all 
Building file: ../src/divided.cpp
Invoking: GCC C++ Compiler
g++ -std=c++1y -O0 -g3 -Wall -c -fmessage-length=0 -MMD -MP -MF"src/divided.d" -MT"src/divided.o" -o "src/divided.o" "../src/divided.cpp"
../src/divided.cpp:7:11: warning: variable 'a' is uninitialized when used here [-Wuninitialized]
                cout << a / b;
                        ^
../src/divided.cpp:5:7: note: initialize the variable 'a' to silence this warning
        int a, b;
             ^
              = 0
../src/divided.cpp:6:6: warning: variable 'b' is uninitialized when used here [-Wuninitialized]
        if (b != 0)
            ^
../src/divided.cpp:5:10: note: initialize the variable 'b' to silence this warning
        int a, b;
                ^
                 = 0
2 warnings generated.
Finished building: ../src/divided.cpp
 
Building target: divided
Invoking: MacOS X C++ Linker
g++  -o "divided"  ./src/divided.o   
Finished building target: divided
 
22:35:13 **** Incremental Build of configuration Debug for project divided ****
make all 
Building file: ../src/divided.cpp
Invoking: GCC C++ Compiler
g++ -std=c++1y -O0 -g3 -Wall -c -fmessage-length=0 -MMD -MP -MF"src/divided.d" -MT"src/divided.o" -o "src/divided.o" "../src/divided.cpp"
Finished building: ../src/divided.cpp
 
Building target: divided
Invoking: MacOS X C++ Linker
g++  -o "divided"  ./src/divided.o   
Finished building target: divided
 
22:35:16 **** Incremental Build of configuration Debug for project divided ****
make all 
make: Nothing to be done for `all'.
22:35:26 **** Incremental Build of configuration Debug for project divided ****
make all 
make: Nothing to be done for `all'.
22:46:36 **** Incremental Build of configuration Debug for project divided ****
make all 
Building target: divided
Invoking: MacOS X C++ Linker
g++  -o "divided"   
clang: error: no input files
make: *** [divided] Error 1
"make all" terminated with exit code 2. Build might be incomplete.
22:47:55 **** Build of configuration Debug for project Price ****
make all 
Building file: ../src/Price.cpp
Invoking: GCC C++ Compiler
g++ -O0 -g3 -Wall -c -fmessage-length=0 -MMD -MP -MF"src/Price.d" -MT"src/Price.o" -o "src/Price.o" "../src/Price.cpp"
../src/Price.cpp:7:13: error: no viable overloaded '*='
                cout << n *= (1 - (double)y / 100);
                ~~~~~~~~~ ^  ~~~~~~~~~~~~~~~~~~~~~
../src/Price.cpp:10:13: error: no viable overloaded '*='
                cout << n *= (1 - (double)x / 100);
                ~~~~~~~~~ ^  ~~~~~~~~~~~~~~~~~~~~~
2 errors generated.
make: *** [src/Price.o] Error 1
"make all" terminated with exit code 2. Build might be incomplete.
22:48:21 **** Incremental Build of configuration Debug for project Price ****
make all 
Building file: ../src/Price.cpp
Invoking: GCC C++ Compiler
g++ -O0 -g3 -Wall -c -fmessage-length=0 -MMD -MP -MF"src/Price.d" -MT"src/Price.o" -o "src/Price.o" "../src/Price.cpp"
../src/Price.cpp:6:6: warning: variable 'n' is uninitialized when used here [-Wuninitialized]
        if (n > b) {
            ^
../src/Price.cpp:5:7: note: initialize the variable 'n' to silence this warning
        int n, a, x, b, y;
             ^
              = 0
../src/Price.cpp:10:28: warning: variable 'x' is uninitialized when used here [-Wuninitialized]
                cout << n * (1 - (double)x / 100);
                                         ^
../src/Price.cpp:5:13: note: initialize the variable 'x' to silence this warning
        int n, a, x, b, y;
                   ^
                    = 0
../src/Price.cpp:9:15: warning: variable 'a' is uninitialized when used here [-Wuninitialized]
        else if (n > a) {
                     ^
../src/Price.cpp:5:10: note: initialize the variable 'a' to silence this warning
        int n, a, x, b, y;
                ^
                 = 0
../src/Price.cpp:7:28: warning: variable 'y' is uninitialized when used here [-Wuninitialized]
                cout << n * (1 - (double)y / 100);
                                         ^
../src/Price.cpp:5:19: note: initialize the variable 'y' to silence this warning
        int n, a, x, b, y;
                         ^
                          = 0
../src/Price.cpp:6:10: warning: variable 'b' is uninitialized when used here [-Wuninitialized]
        if (n > b) {
                ^
../src/Price.cpp:5:16: note: initialize the variable 'b' to silence this warning
        int n, a, x, b, y;
                      ^
                       = 0
5 warnings generated.
Finished building: ../src/Price.cpp
 
Building target: Price
Invoking: MacOS X C++ Linker
g++  -o "Price"  ./src/Price.o   
Finished building target: Price
 
22:48:58 **** Incremental Build of configuration Debug for project Price ****
make all 
Building file: ../src/Price.cpp
Invoking: GCC C++ Compiler
g++ -O0 -g3 -Wall -c -fmessage-length=0 -MMD -MP -MF"src/Price.d" -MT"src/Price.o" -o "src/Price.o" "../src/Price.cpp"
Finished building: ../src/Price.cpp
 
Building target: Price
Invoking: MacOS X C++ Linker
g++  -o "Price"  ./src/Price.o   
Finished building target: Price
 
22:49:06 **** Incremental Build of configuration Debug for project Price ****
make all 
make: Nothing to be done for `all'.
22:49:33 **** Incremental Build of configuration Debug for project Price ****
make all 
make: Nothing to be done for `all'.
22:49:39 **** Incremental Build of configuration Debug for project Price ****
make all 
make: Nothing to be done for `all'.
22:50:20 **** Incremental Build of configuration Debug for project Price ****
make all 
make: Nothing to be done for `all'.
22:50:28 **** Incremental Build of configuration Debug for project Price ****
make all 
make: Nothing to be done for `all'.
22:50:32 **** Incremental Build of configuration Debug for project Price ****
make all 
make: Nothing to be done for `all'.
22:50:33 **** Incremental Build of configuration Debug for project Price ****
make all 
make: Nothing to be done for `all'.
22:50:34 **** Incremental Build of configuration Debug for project Price ****
make all 
make: Nothing to be done for `all'.
22:50:56 **** Incremental Build of configuration Debug for project Price ****
make all 
make: Nothing to be done for `all'.
22:50:56 **** Incremental Build of configuration Debug for project Price ****
make all 
make: Nothing to be done for `all'.
22:51:11 **** Incremental Build of configuration Debug for project Price ****
make all 
make: Nothing to be done for `all'.
22:51:12 **** Incremental Build of configuration Debug for project Price ****
make all 
make: Nothing to be done for `all'.
22:51:12 **** Incremental Build of configuration Debug for project Price ****
make all 
make: Nothing to be done for `all'.
22:51:13 **** Incremental Build of configuration Debug for project Price ****
make all 
make: Nothing to be done for `all'.
22:51:14 **** Incremental Build of configuration Debug for project Price ****
make all 
make: Nothing to be done for `all'.
22:51:15 **** Incremental Build of configuration Debug for project Price ****
make all 
make: Nothing to be done for `all'.
22:51:15 **** Incremental Build of configuration Debug for project Price ****
make all 
make: Nothing to be done for `all'.
22:51:29 **** Incremental Build of configuration Debug for project Price ****
make all 
make: Nothing to be done for `all'.
22:51:34 **** Incremental Build of configuration Debug for project Price ****
make all 
make: Nothing to be done for `all'.
22:52:10 **** Incremental Build of configuration Debug for project Price ****
make all 
make: Nothing to be done for `all'.
22:52:10 **** Incremental Build of configuration Debug for project Price ****
make all 
make: Nothing to be done for `all'.
22:52:11 **** Incremental Build of configuration Debug for project Price ****
make all 
make: Nothing to be done for `all'.
22:52:12 **** Incremental Build of configuration Debug for project Price ****
make all 
make: Nothing to be done for `all'.
22:52:15 **** Incremental Build of configuration Debug for project Price ****
make all 
make: Nothing to be done for `all'.
22:52:19 **** Incremental Build of configuration Debug for project Price ****
make all 
make: Nothing to be done for `all'.
22:53:11 **** Incremental Build of configuration Debug for project Price ****
make all 
make: Nothing to be done for `all'.
