23:37:30 **** Build of configuration Debug for project Even ****
make all 
Building file: ../src/Even.cpp
Invoking: GCC C++ Compiler
g++ -O0 -g3 -Wall -c -fmessage-length=0 -MMD -MP -MF"src/Even.d" -MT"src/Even.o" -o "src/Even.o" "../src/Even.cpp"
Finished building: ../src/Even.cpp
 
Building target: Even
Invoking: MacOS X C++ Linker
g++  -o "Even"  ./src/Even.o   
Finished building target: Even
 
23:37:41 **** Incremental Build of configuration Debug for project Even ****
make all 
Building file: ../src/Even.cpp
Invoking: GCC C++ Compiler
g++ -O0 -g3 -Wall -c -fmessage-length=0 -MMD -MP -MF"src/Even.d" -MT"src/Even.o" -o "src/Even.o" "../src/Even.cpp"
Finished building: ../src/Even.cpp
 
Building target: Even
Invoking: MacOS X C++ Linker
g++  -o "Even"  ./src/Even.o   
Finished building target: Even
 
23:40:50 **** Incremental Build of configuration Debug for project Even ****
make all 
Building file: ../src/Even.cpp
Invoking: GCC C++ Compiler
g++ -O0 -g3 -Wall -c -fmessage-length=0 -MMD -MP -MF"src/Even.d" -MT"src/Even.o" -o "src/Even.o" "../src/Even.cpp"
Finished building: ../src/Even.cpp
 
Building target: Even
Invoking: MacOS X C++ Linker
g++  -o "Even"  ./src/Even.o   
Finished building target: Even
 
23:41:22 **** Incremental Build of configuration Debug for project Even ****
make all 
Building file: ../src/Even.cpp
Invoking: GCC C++ Compiler
g++ -O0 -g3 -Wall -c -fmessage-length=0 -MMD -MP -MF"src/Even.d" -MT"src/Even.o" -o "src/Even.o" "../src/Even.cpp"
Finished building: ../src/Even.cpp
 
Building target: Even
Invoking: MacOS X C++ Linker
g++  -o "Even"  ./src/Even.o   
Finished building target: Even
 
23:41:31 **** Incremental Build of configuration Debug for project Even ****
make all 
make: Nothing to be done for `all'.
23:41:44 **** Incremental Build of configuration Debug for project Even ****
make all 
make: Nothing to be done for `all'.
23:42:15 **** Incremental Build of configuration Debug for project Even ****
make all 
Building file: ../src/Even.cpp
Invoking: GCC C++ Compiler
g++ -O0 -g3 -Wall -c -fmessage-length=0 -MMD -MP -MF"src/Even.d" -MT"src/Even.o" -o "src/Even.o" "../src/Even.cpp"
Finished building: ../src/Even.cpp
 
Building target: Even
Invoking: MacOS X C++ Linker
g++  -o "Even"  ./src/Even.o   
Finished building target: Even
 
23:42:19 **** Incremental Build of configuration Debug for project Even ****
make all 
make: Nothing to be done for `all'.
23:42:40 **** Incremental Build of configuration Debug for project Even ****
make all 
make: Nothing to be done for `all'.
23:42:55 **** Incremental Build of configuration Debug for project Even ****
make all 
make: Nothing to be done for `all'.
23:42:59 **** Incremental Build of configuration Debug for project Even ****
make all 
make: Nothing to be done for `all'.
23:43:01 **** Incremental Build of configuration Debug for project Even ****
make all 
make: Nothing to be done for `all'.
23:43:01 **** Incremental Build of configuration Debug for project Even ****
make all 
make: Nothing to be done for `all'.
23:43:08 **** Incremental Build of configuration Debug for project Even ****
make all 
make: Nothing to be done for `all'.
